# JRE version: OpenJDK Runtime Environment Temurin-21.0.7+6 (21.0.7+6) (build 21.0.7+6-LTS)
# Java VM: OpenJDK 64-Bit Server VM Temurin-21.0.7+6 (21.0.7+6-LTS, mixed mode, sharing, tiered, compressed oops, compressed class ptrs, parallel gc, windows-amd64)
GC Precious Log:
 CardTable entry size: 512
 CPUs: 8 total, 8 available
 Memory: 12134M
 Large Page Support: Disabled
 NUMA Support: Disabled
 Compressed Oops: Enabled (32-bit)
 Alignments: Space 512K, Generation 512K, Heap 2M
 Heap Min Capacity: 100M
 Heap Initial Capacity: 100M
 Heap Max Capacity: 1G
 Pre-touch: Disabled
 Parallel Workers: 8
Heap:
 PSYoungGen      total 3072K, used 1273K [0x00000000eab00000, 0x00000000eae80000, 0x0000000100000000)
  eden space 2560K, 34% used [0x00000000eab00000,0x00000000eabde578,0x00000000ead80000)
  from space 512K, 75% used [0x00000000ead80000,0x00000000eade0000,0x00000000eae00000)
  to   space 512K, 0% used [0x00000000eae00000,0x00000000eae00000,0x00000000eae80000)
 ParOldGen       total 614400K, used 614343K [0x00000000c0000000, 0x00000000e5800000, 0x00000000eab00000)
  object space 614400K, 99% used [0x00000000c0000000,0x00000000e57f1fb0,0x00000000e5800000)
 Metaspace       used 77602K, committed 79168K, reserved 1179648K
  class space    used 7961K, committed 8704K, reserved 1048576K
GC Heap History (20 events):
Event: 374.955 GC heap before
{Heap before GC invocations=2193 (full 4):
 PSYoungGen      total 2560K, used 2400K [0x00000000eab00000, 0x00000000eae80000, 0x0000000100000000)
  eden space 2048K, 100% used [0x00000000eab00000,0x00000000ead00000,0x00000000ead00000)
  from space 512K, 68% used [0x00000000ead80000,0x00000000eadd8000,0x00000000eae00000)
  to   space 512K, 0% used [0x00000000eae00000,0x00000000eae00000,0x00000000eae80000)
 ParOldGen       total 610816K, used 610731K [0x00000000c0000000, 0x00000000e5480000, 0x00000000eab00000)
  object space 610816K, 99% used [0x00000000c0000000,0x00000000e546af60,0x00000000e5480000)
 Metaspace       used 77598K, committed 79168K, reserved 1179648K
  class space    used 7961K, committed 8704K, reserved 1048576K
}
Event: 374.958 GC heap after
{Heap after GC invocations=2193 (full 4):
 PSYoungGen      total 2560K, used 448K [0x00000000eab00000, 0x00000000eae80000, 0x0000000100000000)
  eden space 2048K, 0% used [0x00000000eab00000,0x00000000eab00000,0x00000000ead00000)
  from space 512K, 87% used [0x00000000eae00000,0x00000000eae70000,0x00000000eae80000)
  to   space 512K, 0% used [0x00000000ead80000,0x00000000ead80000,0x00000000eae00000)
 ParOldGen       total 611328K, used 610883K [0x00000000c0000000, 0x00000000e5500000, 0x00000000eab00000)
  object space 611328K, 99% used [0x00000000c0000000,0x00000000e5490f60,0x00000000e5500000)
 Metaspace       used 77598K, committed 79168K, reserved 1179648K
  class space    used 7961K, committed 8704K, reserved 1048576K
}
Event: 374.981 GC heap before
{Heap before GC invocations=2194 (full 4):
 PSYoungGen      total 2560K, used 2496K [0x00000000eab00000, 0x00000000eae80000, 0x0000000100000000)
  eden space 2048K, 100% used [0x00000000eab00000,0x00000000ead00000,0x00000000ead00000)
  from space 512K, 87% used [0x00000000eae00000,0x00000000eae70000,0x00000000eae80000)
  to   space 512K, 0% used [0x00000000ead80000,0x00000000ead80000,0x00000000eae00000)
 ParOldGen       total 611328K, used 610883K [0x00000000c0000000, 0x00000000e5500000, 0x00000000eab00000)
  object space 611328K, 99% used [0x00000000c0000000,0x00000000e5490f60,0x00000000e5500000)
 Metaspace       used 77598K, committed 79168K, reserved 1179648K
  class space    used 7961K, committed 8704K, reserved 1048576K
}
Event: 374.984 GC heap after
{Heap after GC invocations=2194 (full 4):
 PSYoungGen      total 2560K, used 512K [0x00000000eab00000, 0x00000000eaf00000, 0x0000000100000000)
  eden space 2048K, 0% used [0x00000000eab00000,0x00000000eab00000,0x00000000ead00000)
  from space 512K, 100% used [0x00000000ead80000,0x00000000eae00000,0x00000000eae00000)
  to   space 1024K, 0% used [0x00000000eae00000,0x00000000eae00000,0x00000000eaf00000)
 ParOldGen       total 611328K, used 611243K [0x00000000c0000000, 0x00000000e5500000, 0x00000000eab00000)
  object space 611328K, 99% used [0x00000000c0000000,0x00000000e54eaf80,0x00000000e5500000)
 Metaspace       used 77598K, committed 79168K, reserved 1179648K
  class space    used 7961K, committed 8704K, reserved 1048576K
}
Event: 374.998 GC heap before
{Heap before GC invocations=2195 (full 4):
 PSYoungGen      total 2560K, used 2557K [0x00000000eab00000, 0x00000000eaf00000, 0x0000000100000000)
  eden space 2048K, 99% used [0x00000000eab00000,0x00000000eacff5b0,0x00000000ead00000)
  from space 512K, 100% used [0x00000000ead80000,0x00000000eae00000,0x00000000eae00000)
  to   space 1024K, 0% used [0x00000000eae00000,0x00000000eae00000,0x00000000eaf00000)
 ParOldGen       total 611328K, used 611243K [0x00000000c0000000, 0x00000000e5500000, 0x00000000eab00000)
  object space 611328K, 99% used [0x00000000c0000000,0x00000000e54eaf80,0x00000000e5500000)
 Metaspace       used 77599K, committed 79168K, reserved 1179648K
  class space    used 7961K, committed 8704K, reserved 1048576K
}
Event: 375.002 GC heap after
{Heap after GC invocations=2195 (full 4):
 PSYoungGen      total 3072K, used 480K [0x00000000eab00000, 0x00000000eaf00000, 0x0000000100000000)
  eden space 2048K, 0% used [0x00000000eab00000,0x00000000eab00000,0x00000000ead00000)
  from space 1024K, 46% used [0x00000000eae00000,0x00000000eae78000,0x00000000eaf00000)
  to   space 1024K, 0% used [0x00000000ead00000,0x00000000ead00000,0x00000000eae00000)
 ParOldGen       total 611840K, used 611639K [0x00000000c0000000, 0x00000000e5580000, 0x00000000eab00000)
  object space 611840K, 99% used [0x00000000c0000000,0x00000000e554df90,0x00000000e5580000)
 Metaspace       used 77599K, committed 79168K, reserved 1179648K
  class space    used 7961K, committed 8704K, reserved 1048576K
}
Event: 375.016 GC heap before
{Heap before GC invocations=2196 (full 4):
 PSYoungGen      total 3072K, used 2528K [0x00000000eab00000, 0x00000000eaf00000, 0x0000000100000000)
  eden space 2048K, 100% used [0x00000000eab00000,0x00000000ead00000,0x00000000ead00000)
  from space 1024K, 46% used [0x00000000eae00000,0x00000000eae78000,0x00000000eaf00000)
  to   space 1024K, 0% used [0x00000000ead00000,0x00000000ead00000,0x00000000eae00000)
 ParOldGen       total 611840K, used 611639K [0x00000000c0000000, 0x00000000e5580000, 0x00000000eab00000)
  object space 611840K, 99% used [0x00000000c0000000,0x00000000e554df90,0x00000000e5580000)
 Metaspace       used 77600K, committed 79168K, reserved 1179648K
  class space    used 7961K, committed 8704K, reserved 1048576K
}
Event: 375.020 GC heap after
{Heap after GC invocations=2196 (full 4):
 PSYoungGen      total 3072K, used 352K [0x00000000eab00000, 0x00000000eae80000, 0x0000000100000000)
  eden space 2048K, 0% used [0x00000000eab00000,0x00000000eab00000,0x00000000ead00000)
  from space 1024K, 34% used [0x00000000ead00000,0x00000000ead58000,0x00000000eae00000)
  to   space 512K, 0% used [0x00000000eae00000,0x00000000eae00000,0x00000000eae80000)
 ParOldGen       total 612352K, used 611999K [0x00000000c0000000, 0x00000000e5600000, 0x00000000eab00000)
  object space 612352K, 99% used [0x00000000c0000000,0x00000000e55a7f90,0x00000000e5600000)
 Metaspace       used 77600K, committed 79168K, reserved 1179648K
  class space    used 7961K, committed 8704K, reserved 1048576K
}
Event: 375.032 GC heap before
{Heap before GC invocations=2197 (full 4):
 PSYoungGen      total 3072K, used 2399K [0x00000000eab00000, 0x00000000eae80000, 0x0000000100000000)
  eden space 2048K, 99% used [0x00000000eab00000,0x00000000eacffff0,0x00000000ead00000)
  from space 1024K, 34% used [0x00000000ead00000,0x00000000ead58000,0x00000000eae00000)
  to   space 512K, 0% used [0x00000000eae00000,0x00000000eae00000,0x00000000eae80000)
 ParOldGen       total 612352K, used 611999K [0x00000000c0000000, 0x00000000e5600000, 0x00000000eab00000)
  object space 612352K, 99% used [0x00000000c0000000,0x00000000e55a7f90,0x00000000e5600000)
 Metaspace       used 77600K, committed 79168K, reserved 1179648K
  class space    used 7961K, committed 8704K, reserved 1048576K
}
Event: 375.035 GC heap after
{Heap after GC invocations=2197 (full 4):
 PSYoungGen      total 2560K, used 432K [0x00000000eab00000, 0x00000000eae80000, 0x0000000100000000)
  eden space 2048K, 0% used [0x00000000eab00000,0x00000000eab00000,0x00000000ead00000)
  from space 512K, 84% used [0x00000000eae00000,0x00000000eae6c010,0x00000000eae80000)
  to   space 512K, 0% used [0x00000000ead80000,0x00000000ead80000,0x00000000eae00000)
 ParOldGen       total 612352K, used 612151K [0x00000000c0000000, 0x00000000e5600000, 0x00000000eab00000)
  object space 612352K, 99% used [0x00000000c0000000,0x00000000e55cdf90,0x00000000e5600000)
 Metaspace       used 77600K, committed 79168K, reserved 1179648K
  class space    used 7961K, committed 8704K, reserved 1048576K
}
Event: 375.053 GC heap before
{Heap before GC invocations=2198 (full 4):
 PSYoungGen      total 2560K, used 2476K [0x00000000eab00000, 0x00000000eae80000, 0x0000000100000000)
  eden space 2048K, 99% used [0x00000000eab00000,0x00000000eacff0d0,0x00000000ead00000)
  from space 512K, 84% used [0x00000000eae00000,0x00000000eae6c010,0x00000000eae80000)
  to   space 512K, 0% used [0x00000000ead80000,0x00000000ead80000,0x00000000eae00000)
 ParOldGen       total 612352K, used 612151K [0x00000000c0000000, 0x00000000e5600000, 0x00000000eab00000)
  object space 612352K, 99% used [0x00000000c0000000,0x00000000e55cdf90,0x00000000e5600000)
 Metaspace       used 77600K, committed 79168K, reserved 1179648K
  class space    used 7961K, committed 8704K, reserved 1048576K
}
Event: 375.056 GC heap after
{Heap after GC invocations=2198 (full 4):
 PSYoungGen      total 2560K, used 416K [0x00000000eab00000, 0x00000000eae80000, 0x0000000100000000)
  eden space 2048K, 0% used [0x00000000eab00000,0x00000000eab00000,0x00000000ead00000)
  from space 512K, 81% used [0x00000000ead80000,0x00000000eade8000,0x00000000eae00000)
  to   space 512K, 0% used [0x00000000eae00000,0x00000000eae00000,0x00000000eae80000)
 ParOldGen       total 612864K, used 612423K [0x00000000c0000000, 0x00000000e5680000, 0x00000000eab00000)
  object space 612864K, 99% used [0x00000000c0000000,0x00000000e5611f90,0x00000000e5680000)
 Metaspace       used 77600K, committed 79168K, reserved 1179648K
  class space    used 7961K, committed 8704K, reserved 1048576K
}
Event: 375.071 GC heap before
{Heap before GC invocations=2199 (full 4):
 PSYoungGen      total 2560K, used 2464K [0x00000000eab00000, 0x00000000eae80000, 0x0000000100000000)
  eden space 2048K, 100% used [0x00000000eab00000,0x00000000ead00000,0x00000000ead00000)
  from space 512K, 81% used [0x00000000ead80000,0x00000000eade8000,0x00000000eae00000)
  to   space 512K, 0% used [0x00000000eae00000,0x00000000eae00000,0x00000000eae80000)
 ParOldGen       total 612864K, used 612423K [0x00000000c0000000, 0x00000000e5680000, 0x00000000eab00000)
  object space 612864K, 99% used [0x00000000c0000000,0x00000000e5611f90,0x00000000e5680000)
 Metaspace       used 77600K, committed 79168K, reserved 1179648K
  class space    used 7961K, committed 8704K, reserved 1048576K
}
Event: 375.075 GC heap after
{Heap after GC invocations=2199 (full 4):
 PSYoungGen      total 2560K, used 496K [0x00000000eab00000, 0x00000000eae80000, 0x0000000100000000)
  eden space 2048K, 0% used [0x00000000eab00000,0x00000000eab00000,0x00000000ead00000)
  from space 512K, 96% used [0x00000000eae00000,0x00000000eae7c010,0x00000000eae80000)
  to   space 512K, 0% used [0x00000000ead80000,0x00000000ead80000,0x00000000eae00000)
 ParOldGen       total 612864K, used 612723K [0x00000000c0000000, 0x00000000e5680000, 0x00000000eab00000)
  object space 612864K, 99% used [0x00000000c0000000,0x00000000e565cfa0,0x00000000e5680000)
 Metaspace       used 77600K, committed 79168K, reserved 1179648K
  class space    used 7961K, committed 8704K, reserved 1048576K
}
Event: 375.083 GC heap before
{Heap before GC invocations=2200 (full 4):
 PSYoungGen      total 2560K, used 2544K [0x00000000eab00000, 0x00000000eae80000, 0x0000000100000000)
  eden space 2048K, 99% used [0x00000000eab00000,0x00000000eacffff8,0x00000000ead00000)
  from space 512K, 96% used [0x00000000eae00000,0x00000000eae7c010,0x00000000eae80000)
  to   space 512K, 0% used [0x00000000ead80000,0x00000000ead80000,0x00000000eae00000)
 ParOldGen       total 612864K, used 612723K [0x00000000c0000000, 0x00000000e5680000, 0x00000000eab00000)
  object space 612864K, 99% used [0x00000000c0000000,0x00000000e565cfa0,0x00000000e5680000)
 Metaspace       used 77600K, committed 79168K, reserved 1179648K
  class space    used 7961K, committed 8704K, reserved 1048576K
}
Event: 375.087 GC heap after
{Heap after GC invocations=2200 (full 4):
 PSYoungGen      total 2560K, used 512K [0x00000000eab00000, 0x00000000eae80000, 0x0000000100000000)
  eden space 2048K, 0% used [0x00000000eab00000,0x00000000eab00000,0x00000000ead00000)
  from space 512K, 100% used [0x00000000ead80000,0x00000000eae00000,0x00000000eae00000)
  to   space 512K, 0% used [0x00000000eae00000,0x00000000eae00000,0x00000000eae80000)
 ParOldGen       total 613376K, used 613175K [0x00000000c0000000, 0x00000000e5700000, 0x00000000eab00000)
  object space 613376K, 99% used [0x00000000c0000000,0x00000000e56cdfb0,0x00000000e5700000)
 Metaspace       used 77600K, committed 79168K, reserved 1179648K
  class space    used 7961K, committed 8704K, reserved 1048576K
}
Event: 375.102 GC heap before
{Heap before GC invocations=2201 (full 4):
 PSYoungGen      total 2560K, used 2560K [0x00000000eab00000, 0x00000000eae80000, 0x0000000100000000)
  eden space 2048K, 100% used [0x00000000eab00000,0x00000000ead00000,0x00000000ead00000)
  from space 512K, 100% used [0x00000000ead80000,0x00000000eae00000,0x00000000eae00000)
  to   space 512K, 0% used [0x00000000eae00000,0x00000000eae00000,0x00000000eae80000)
 ParOldGen       total 613376K, used 613175K [0x00000000c0000000, 0x00000000e5700000, 0x00000000eab00000)
  object space 613376K, 99% used [0x00000000c0000000,0x00000000e56cdfb0,0x00000000e5700000)
 Metaspace       used 77600K, committed 79168K, reserved 1179648K
  class space    used 7961K, committed 8704K, reserved 1048576K
}
Event: 375.106 GC heap after
{Heap after GC invocations=2201 (full 4):
 PSYoungGen      total 2560K, used 512K [0x00000000eab00000, 0x00000000eae80000, 0x0000000100000000)
  eden space 2048K, 0% used [0x00000000eab00000,0x00000000eab00000,0x00000000ead00000)
  from space 512K, 100% used [0x00000000eae00000,0x00000000eae80000,0x00000000eae80000)
  to   space 512K, 0% used [0x00000000ead80000,0x00000000ead80000,0x00000000eae00000)
 ParOldGen       total 613888K, used 613687K [0x00000000c0000000, 0x00000000e5780000, 0x00000000eab00000)
  object space 613888K, 99% used [0x00000000c0000000,0x00000000e574dfb0,0x00000000e5780000)
 Metaspace       used 77600K, committed 79168K, reserved 1179648K
  class space    used 7961K, committed 8704K, reserved 1048576K
}
Event: 375.116 GC heap before
{Heap before GC invocations=2202 (full 4):
 PSYoungGen      total 2560K, used 2559K [0x00000000eab00000, 0x00000000eae80000, 0x0000000100000000)
  eden space 2048K, 99% used [0x00000000eab00000,0x00000000eacffe58,0x00000000ead00000)
  from space 512K, 100% used [0x00000000eae00000,0x00000000eae80000,0x00000000eae80000)
  to   space 512K, 0% used [0x00000000ead80000,0x00000000ead80000,0x00000000eae00000)
 ParOldGen       total 613888K, used 613687K [0x00000000c0000000, 0x00000000e5780000, 0x00000000eab00000)
  object space 613888K, 99% used [0x00000000c0000000,0x00000000e574dfb0,0x00000000e5780000)
 Metaspace       used 77602K, committed 79168K, reserved 1179648K
  class space    used 7961K, committed 8704K, reserved 1048576K
}
Event: 375.119 GC heap after
{Heap after GC invocations=2202 (full 4):
 PSYoungGen      total 3072K, used 448K [0x00000000eab00000, 0x00000000eae80000, 0x0000000100000000)
  eden space 2560K, 0% used [0x00000000eab00000,0x00000000eab00000,0x00000000ead80000)
  from space 512K, 87% used [0x00000000ead80000,0x00000000eadf0000,0x00000000eae00000)
  to   space 512K, 0% used [0x00000000eae00000,0x00000000eae00000,0x00000000eae80000)
 ParOldGen       total 613888K, used 613879K [0x00000000c0000000, 0x00000000e5780000, 0x00000000eab00000)
  object space 613888K, 99% used [0x00000000c0000000,0x00000000e577dfb0,0x00000000e5780000)
 Metaspace       used 77602K, committed 79168K, reserved 1179648K
  class space    used 7961K, committed 8704K, reserved 1048576K
}

